<?xml version="1.0" encoding="UTF-8"?>
<robot generator="Robot 3.2.1 (Python 3.8.3 on win32)" generated="20200716 09:57:18.895" rpa="false">
<suite id="s1" name="TC 001" source="C:\Users\jpelgrim\ci-cd-pipeline-code\RobotFramework\TestCases\TC_001.robot">
<test id="s1-t1" name="Google Search">
<kw name="Given user is on Google">
<kw name="Open Browser" library="SeleniumLibrary">
<doc>Opens a new browser instance to the optional ``url``.</doc>
<arguments>
<arg>${URL}</arg>
<arg>${Browser}</arg>
</arguments>
<msg timestamp="20200716 09:57:20.006" level="INFO">Opening browser 'chrome' to base url 'https://www.google.com/'.</msg>
<status status="PASS" starttime="20200716 09:57:20.006" endtime="20200716 09:57:24.968"></status>
</kw>
<kw name="Maximize Browser Window" library="SeleniumLibrary">
<doc>Maximizes current browser window.</doc>
<status status="PASS" starttime="20200716 09:57:24.969" endtime="20200716 09:57:27.128"></status>
</kw>
<status status="PASS" starttime="20200716 09:57:20.005" endtime="20200716 09:57:27.129"></status>
</kw>
<kw name="When user clicks on search bar">
<kw name="Wait Until Element Is Visible" library="SeleniumLibrary">
<doc>Waits until the element ``locator`` is visible.</doc>
<arguments>
<arg>xpath://input[@name='q']</arg>
</arguments>
<status status="PASS" starttime="20200716 09:57:27.135" endtime="20200716 09:57:27.267"></status>
</kw>
<kw name="Click Element" library="SeleniumLibrary">
<doc>Click the element identified by ``locator``.</doc>
<arguments>
<arg>xpath://input[@name='q']</arg>
</arguments>
<msg timestamp="20200716 09:57:27.267" level="INFO">Clicking element 'xpath://input[@name='q']'.</msg>
<status status="PASS" starttime="20200716 09:57:27.267" endtime="20200716 09:57:27.495"></status>
</kw>
<status status="PASS" starttime="20200716 09:57:27.133" endtime="20200716 09:57:27.496"></status>
</kw>
<kw name="And user searches for hello">
<kw name="Press Keys" library="SeleniumLibrary">
<doc>Simulates the user pressing key(s) to an element or on the active browser.</doc>
<arguments>
<arg>xpath://input[@name='q']</arg>
<arg>hello</arg>
</arguments>
<msg timestamp="20200716 09:57:27.498" level="INFO">Sending key(s) ('hello',) to xpath://input[@name='q'] element.</msg>
<msg timestamp="20200716 09:57:27.910" level="INFO">Sending keys hello</msg>
<status status="PASS" starttime="20200716 09:57:27.497" endtime="20200716 09:57:28.234"></status>
</kw>
<kw name="Press Keys" library="SeleniumLibrary">
<doc>Simulates the user pressing key(s) to an element or on the active browser.</doc>
<arguments>
<arg>xpath://input[@name='q']</arg>
<arg>ENTER</arg>
</arguments>
<msg timestamp="20200716 09:57:28.235" level="INFO">Sending key(s) ('ENTER',) to xpath://input[@name='q'] element.</msg>
<msg timestamp="20200716 09:57:28.708" level="INFO">Pressing special key ENTER to element.</msg>
<msg timestamp="20200716 09:57:28.708" level="INFO">Releasing special key ENTER.</msg>
<status status="PASS" starttime="20200716 09:57:28.235" endtime="20200716 09:57:30.832"></status>
</kw>
<status status="PASS" starttime="20200716 09:57:27.496" endtime="20200716 09:57:30.832"></status>
</kw>
<kw name="Then result is hello">
<kw name="Wait Until Page Contains Element" library="SeleniumLibrary">
<doc>Waits until the element ``locator`` appears on the current page.</doc>
<arguments>
<arg>xpath://h3[contains(.,'hello')]</arg>
</arguments>
<status status="PASS" starttime="20200716 09:57:30.834" endtime="20200716 09:57:30.880"></status>
</kw>
<kw name="Close Browser" library="SeleniumLibrary">
<doc>Closes the current browser.</doc>
<status status="PASS" starttime="20200716 09:57:30.880" endtime="20200716 09:57:33.432"></status>
</kw>
<status status="PASS" starttime="20200716 09:57:30.833" endtime="20200716 09:57:33.433"></status>
</kw>
<status status="PASS" starttime="20200716 09:57:20.003" endtime="20200716 09:57:33.436" critical="yes"></status>
</test>
<status status="PASS" starttime="20200716 09:57:18.903" endtime="20200716 09:57:33.449"></status>
</suite>
<statistics>
<total>
<stat pass="1" fail="0">Critical Tests</stat>
<stat pass="1" fail="0">All Tests</stat>
</total>
<tag>
</tag>
<suite>
<stat pass="1" fail="0" id="s1" name="TC 001">TC 001</stat>
</suite>
</statistics>
<errors>
</errors>
</robot>
